21-02-21 00:28:14 [INFO] Logger started.
21-02-21 00:28:14 [INFO] Logging system initialized.
21-02-21 00:28:14 [INFO] Detected Minecraft version: 1.16.5
21-02-21 00:28:16 [WARNING] The Minecraft version seems to be more recent than the one Compat-CB-Reflect has been built with - this might work, but there could be incompatibilities.
21-02-21 00:28:16 [INFO] McAccess set to: 1.4.5-1.12.2|? / CB-Reflect
21-02-21 00:28:17 [INFO] Added block-info for Minecraft 1.5 blocks.
21-02-21 00:28:17 [INFO] Added block-info for Minecraft 1.6.1 blocks.
21-02-21 00:28:17 [INFO] Added block-info for Minecraft 1.7.2 blocks.
21-02-21 00:28:17 [INFO] Added block-info for Minecraft 1.8 blocks.
21-02-21 00:28:17 [INFO] Added block-info for Minecraft 1.9 blocks.
21-02-21 00:28:17 [INFO] Added block-info for Minecraft 1.10 blocks.
21-02-21 00:28:17 [INFO] Added block-info for Minecraft 1.11 blocks.
21-02-21 00:28:17 [INFO] Added block-info for Minecraft 1.12 blocks.
21-02-21 00:28:17 [INFO] Inventory checks: FastConsume is available, disabled InstantEat.
21-02-21 00:28:17 [INFO] Packet level access: ProtocolLib is not available.
21-02-21 00:28:17 [INFO] Force disable FastHeal on Minecraft 1.9 and later.
21-02-21 00:28:17 [INFO] Version 3.16.0-RC-sMD5NET-b1134 is enabled.
21-02-21 00:28:19 [INFO] Post-enable running...
21-02-21 00:28:19 [INFO] [GenericInstanceRegistry] Registered for itself: fr.neatmonster.nocheatplus.stats.Counters
21-02-21 00:28:19 [INFO] [GenericInstanceRegistry] Registered for itself: fr.neatmonster.nocheatplus.checks.workaround.WRPT
21-02-21 00:28:19 [INFO] [GenericInstanceRegistry] Registered for itself: fr.neatmonster.nocheatplus.checks.moving.location.tracking.LocationTrace$TraceEntryPool
21-02-21 00:28:19 [INFO] [GenericInstanceRegistry] Registered for itself: fr.neatmonster.nocheatplus.utilities.entity.PassengerUtil
21-02-21 00:28:19 [INFO] [GenericInstanceRegistry] Registered for itself: java.util.Random
21-02-21 00:28:19 [INFO] [GenericInstanceRegistry] Registered for fr.neatmonster.nocheatplus.compat.IBridgeCrossPlugin: fr.neatmonster.nocheatplus.compat.meta.BridgeCrossPlugin
21-02-21 00:28:19 [INFO] [GenericInstanceRegistry] Registered for fr.neatmonster.nocheatplus.compat.MCAccess: fr.neatmonster.nocheatplus.compat.cbreflect.MCAccessCBReflect
21-02-21 00:28:19 [INFO] [GenericInstanceRegistry] Registered for fr.neatmonster.nocheatplus.utilities.map.BlockCache: fr.neatmonster.nocheatplus.compat.cbreflect.BlockCacheCBReflect
21-02-21 00:28:19 [INFO] [GenericInstanceRegistry] Registered for fr.neatmonster.nocheatplus.components.modifier.IAttributeAccess: fr.neatmonster.nocheatplus.compat.bukkit.BukkitAttributeAccess
21-02-21 00:28:19 [INFO] [GenericInstanceRegistry] Registered for fr.neatmonster.nocheatplus.components.entity.IEntityAccessLastPositionAndLook: fr.neatmonster.nocheatplus.compat.cbreflect.reflect.ReflectEntityLastPositionAndLook
21-02-21 00:28:19 [INFO] [GenericInstanceRegistry] Registered for fr.neatmonster.nocheatplus.components.entity.IEntityAccessVehicle: fr.neatmonster.nocheatplus.compat.bukkit.EntityAccessVehicleMultiPassenger
21-02-21 00:28:19 [INFO] [GenericInstanceRegistry] Registered for itself: fr.neatmonster.nocheatplus.checks.moving.util.AuxMoving
21-02-21 00:28:19 [INFO] Added hook: AllViolations(NCP) [1.0].
21-02-21 00:28:20 [INFO] Post-enable finished.
21-02-21 00:28:21 [INFO] ---- Version information ----
#### Server ####
git-Paper-468 ~MC: 1.16.5~
  detected: 1.16.5
#### NoCheatPlus ####
Plugin: 3.16.0-RC-sMD5NET-b1134
MCAccess: 1.4.5-1.12.2|? / CB-Reflect
Features:
  blocks: BlocksMC1_4 | BlocksMC1_5 | BlocksMC1_6_1 | BlocksMC1_7_2 | BlocksMC1_8 | BlocksMC1_9 | BlocksMC1_10 | BlocksMC1_11 | BlocksMC1_12
  checks: FastConsume | Gutenberg | HotFixFallingBlockPortalEnter
  defaults: pvpKnockBackVelocity
Hooks: AllViolations~NCP~ 1.0
21-02-21 00:28:46 [INFO] Removed hook: AllViolations(NCP) [1.0].
21-02-21 00:28:46 [FINE] | cancel.dead 0 | cancel.offline 0 | block.interact.look.current 0 | block.interact.look.flying.first 0 | block.interact.look.flying.other 0 | illegalitem 0 | boatsanywhere 0 | throwenderpearl 0 | fakeinvulnerable 0 | eggonentity 0 | event.player.move 0 |
21-02-21 00:28:46 [INFO] [GenericInstanceRegistry] Registry cleared.
21-02-21 00:35:46 [INFO] Logger started.
21-02-21 00:35:46 [INFO] Logging system initialized.
21-02-21 00:35:46 [INFO] Detected Minecraft version: 1.16.5
21-02-21 00:35:49 [WARNING] The Minecraft version seems to be more recent than the one Compat-CB-Reflect has been built with - this might work, but there could be incompatibilities.
21-02-21 00:35:49 [INFO] McAccess set to: 1.4.5-1.12.2|? / CB-Reflect
21-02-21 00:35:49 [INFO] Added block-info for Minecraft 1.5 blocks.
21-02-21 00:35:49 [INFO] Added block-info for Minecraft 1.6.1 blocks.
21-02-21 00:35:49 [INFO] Added block-info for Minecraft 1.7.2 blocks.
21-02-21 00:35:49 [INFO] Added block-info for Minecraft 1.8 blocks.
21-02-21 00:35:49 [INFO] Added block-info for Minecraft 1.9 blocks.
21-02-21 00:35:49 [INFO] Added block-info for Minecraft 1.10 blocks.
21-02-21 00:35:49 [INFO] Added block-info for Minecraft 1.11 blocks.
21-02-21 00:35:49 [INFO] Added block-info for Minecraft 1.12 blocks.
21-02-21 00:35:49 [INFO] Inventory checks: FastConsume is available, disabled InstantEat.
21-02-21 00:35:49 [INFO] Packet level access: ProtocolLib is not available.
21-02-21 00:35:49 [INFO] Force disable FastHeal on Minecraft 1.9 and later.
21-02-21 00:35:49 [INFO] Version 3.16.0-RC-sMD5NET-b1134 is enabled.
21-02-21 00:35:53 [INFO] Post-enable running...
21-02-21 00:35:53 [INFO] [GenericInstanceRegistry] Registered for itself: fr.neatmonster.nocheatplus.stats.Counters
21-02-21 00:35:53 [INFO] [GenericInstanceRegistry] Registered for itself: fr.neatmonster.nocheatplus.checks.workaround.WRPT
21-02-21 00:35:53 [INFO] [GenericInstanceRegistry] Registered for itself: fr.neatmonster.nocheatplus.checks.moving.location.tracking.LocationTrace$TraceEntryPool
21-02-21 00:35:53 [INFO] [GenericInstanceRegistry] Registered for itself: fr.neatmonster.nocheatplus.utilities.entity.PassengerUtil
21-02-21 00:35:53 [INFO] [GenericInstanceRegistry] Registered for itself: java.util.Random
21-02-21 00:35:53 [INFO] [GenericInstanceRegistry] Registered for fr.neatmonster.nocheatplus.compat.IBridgeCrossPlugin: fr.neatmonster.nocheatplus.compat.meta.BridgeCrossPlugin
21-02-21 00:35:53 [INFO] [GenericInstanceRegistry] Registered for fr.neatmonster.nocheatplus.compat.MCAccess: fr.neatmonster.nocheatplus.compat.cbreflect.MCAccessCBReflect
21-02-21 00:35:53 [INFO] [GenericInstanceRegistry] Registered for fr.neatmonster.nocheatplus.utilities.map.BlockCache: fr.neatmonster.nocheatplus.compat.cbreflect.BlockCacheCBReflect
21-02-21 00:35:53 [INFO] [GenericInstanceRegistry] Registered for fr.neatmonster.nocheatplus.components.modifier.IAttributeAccess: fr.neatmonster.nocheatplus.compat.bukkit.BukkitAttributeAccess
21-02-21 00:35:53 [INFO] [GenericInstanceRegistry] Registered for fr.neatmonster.nocheatplus.components.entity.IEntityAccessLastPositionAndLook: fr.neatmonster.nocheatplus.compat.cbreflect.reflect.ReflectEntityLastPositionAndLook
21-02-21 00:35:53 [INFO] [GenericInstanceRegistry] Registered for fr.neatmonster.nocheatplus.components.entity.IEntityAccessVehicle: fr.neatmonster.nocheatplus.compat.bukkit.EntityAccessVehicleMultiPassenger
21-02-21 00:35:53 [INFO] [GenericInstanceRegistry] Registered for itself: fr.neatmonster.nocheatplus.checks.moving.util.AuxMoving
21-02-21 00:35:53 [INFO] Added hook: AllViolations(NCP) [1.0].
21-02-21 00:35:54 [INFO] Post-enable finished.
21-02-21 00:35:54 [INFO] ---- Version information ----
#### Server ####
git-Paper-468 ~MC: 1.16.5~
  detected: 1.16.5
#### NoCheatPlus ####
Plugin: 3.16.0-RC-sMD5NET-b1134
MCAccess: 1.4.5-1.12.2|? / CB-Reflect
Features:
  blocks: BlocksMC1_4 | BlocksMC1_5 | BlocksMC1_6_1 | BlocksMC1_7_2 | BlocksMC1_8 | BlocksMC1_9 | BlocksMC1_10 | BlocksMC1_11 | BlocksMC1_12
  checks: FastConsume | Gutenberg | HotFixFallingBlockPortalEnter
  defaults: pvpKnockBackVelocity
Hooks: AllViolations~NCP~ 1.0
21-02-21 00:40:55 [INFO] Removed hook: AllViolations(NCP) [1.0].
21-02-21 00:40:55 [FINE] | cancel.dead 0 | cancel.offline 0 | block.interact.look.current 0 | block.interact.look.flying.first 0 | block.interact.look.flying.other 0 | illegalitem 0 | boatsanywhere 0 | throwenderpearl 0 | fakeinvulnerable 0 | eggonentity 0 | event.player.move 386 (386/0) |
21-02-21 00:40:55 [INFO] [GenericInstanceRegistry] Registry cleared.
21-02-21 00:41:26 [INFO] Logger started.
21-02-21 00:41:26 [INFO] Logging system initialized.
21-02-21 00:41:26 [INFO] Detected Minecraft version: 1.16.5
21-02-21 00:41:31 [WARNING] The Minecraft version seems to be more recent than the one Compat-CB-Reflect has been built with - this might work, but there could be incompatibilities.
21-02-21 00:41:31 [INFO] McAccess set to: 1.4.5-1.12.2|? / CB-Reflect
21-02-21 00:41:31 [INFO] Added block-info for Minecraft 1.5 blocks.
21-02-21 00:41:31 [INFO] Added block-info for Minecraft 1.6.1 blocks.
21-02-21 00:41:31 [INFO] Added block-info for Minecraft 1.7.2 blocks.
21-02-21 00:41:31 [INFO] Added block-info for Minecraft 1.8 blocks.
21-02-21 00:41:31 [INFO] Added block-info for Minecraft 1.9 blocks.
21-02-21 00:41:31 [INFO] Added block-info for Minecraft 1.10 blocks.
21-02-21 00:41:31 [INFO] Added block-info for Minecraft 1.11 blocks.
21-02-21 00:41:31 [INFO] Added block-info for Minecraft 1.12 blocks.
21-02-21 00:41:31 [INFO] Inventory checks: FastConsume is available, disabled InstantEat.
21-02-21 00:41:31 [WARNING] Packet level access via ProtocolLib not available, supported configurations:  | ProtocolLib 4.3.0 or later for Minecraft 1.12.x | ProtocolLib 4.2.0 or later for Minecraft 1.11.x | ProtocolLib 4.1 or later for Minecraft 1.8.x to 1.10.x | ProtocolLib 3.7.0 for Minecraft 1.7.x and earlier | ProtocolLib 3.6.6 for PaperSpigot 1.8.x
21-02-21 00:41:31 [INFO] Force disable FastHeal on Minecraft 1.9 and later.
21-02-21 00:41:31 [INFO] Version 3.16.0-RC-sMD5NET-b1134 is enabled.
21-02-21 00:41:32 [INFO] [GenericInstanceRegistry] Registered for itself: fr.neatmonster.nocheatplus.stats.Counters
21-02-21 00:41:32 [INFO] [GenericInstanceRegistry] Registered for itself: fr.neatmonster.nocheatplus.checks.workaround.WRPT
21-02-21 00:41:32 [INFO] [GenericInstanceRegistry] Registered for itself: fr.neatmonster.nocheatplus.checks.moving.location.tracking.LocationTrace$TraceEntryPool
21-02-21 00:41:32 [INFO] [GenericInstanceRegistry] Registered for itself: fr.neatmonster.nocheatplus.utilities.entity.PassengerUtil
21-02-21 00:41:32 [INFO] [GenericInstanceRegistry] Registered for itself: java.util.Random
21-02-21 00:41:32 [INFO] [GenericInstanceRegistry] Registered for fr.neatmonster.nocheatplus.compat.IBridgeCrossPlugin: fr.neatmonster.nocheatplus.compat.meta.BridgeCrossPlugin
21-02-21 00:41:32 [INFO] [GenericInstanceRegistry] Registered for fr.neatmonster.nocheatplus.compat.MCAccess: fr.neatmonster.nocheatplus.compat.cbreflect.MCAccessCBReflect
21-02-21 00:41:32 [INFO] [GenericInstanceRegistry] Registered for fr.neatmonster.nocheatplus.utilities.map.BlockCache: fr.neatmonster.nocheatplus.compat.cbreflect.BlockCacheCBReflect
21-02-21 00:41:32 [INFO] [GenericInstanceRegistry] Registered for fr.neatmonster.nocheatplus.components.modifier.IAttributeAccess: fr.neatmonster.nocheatplus.compat.bukkit.BukkitAttributeAccess
21-02-21 00:41:32 [INFO] [GenericInstanceRegistry] Registered for fr.neatmonster.nocheatplus.components.entity.IEntityAccessLastPositionAndLook: fr.neatmonster.nocheatplus.compat.cbreflect.reflect.ReflectEntityLastPositionAndLook
21-02-21 00:41:32 [INFO] [GenericInstanceRegistry] Registered for fr.neatmonster.nocheatplus.components.entity.IEntityAccessVehicle: fr.neatmonster.nocheatplus.compat.bukkit.EntityAccessVehicleMultiPassenger
21-02-21 00:41:32 [INFO] [GenericInstanceRegistry] Registered for itself: fr.neatmonster.nocheatplus.checks.moving.util.AuxMoving
21-02-21 00:41:32 [INFO] Added hook: AllViolations(NCP) [1.0].
21-02-21 00:41:32 [INFO] Post-enable running...
21-02-21 00:41:33 [INFO] Post-enable finished.
21-02-21 00:41:33 [INFO] ---- Version information ----
#### Server ####
git-Paper-468 ~MC: 1.16.5~
  detected: 1.16.5
#### NoCheatPlus ####
Plugin: 3.16.0-RC-sMD5NET-b1134
MCAccess: 1.4.5-1.12.2|? / CB-Reflect
Features:
  blocks: BlocksMC1_4 | BlocksMC1_5 | BlocksMC1_6_1 | BlocksMC1_7_2 | BlocksMC1_8 | BlocksMC1_9 | BlocksMC1_10 | BlocksMC1_11 | BlocksMC1_12
  checks: FastConsume | Gutenberg | HotFixFallingBlockPortalEnter
  defaults: pvpKnockBackVelocity
Hooks: AllViolations~NCP~ 1.0
#### Related Plugins ####
ProtocolLib v4.6.0
21-02-21 00:42:14 [INFO] Removed hook: AllViolations(NCP) [1.0].
21-02-21 00:42:14 [FINE] | cancel.dead 0 | cancel.offline 0 | block.interact.look.current 0 | block.interact.look.flying.first 0 | block.interact.look.flying.other 0 | illegalitem 0 | boatsanywhere 0 | throwenderpearl 0 | fakeinvulnerable 0 | eggonentity 0 | event.player.move 32 (32/0) |
21-02-21 00:42:14 [INFO] [GenericInstanceRegistry] Registry cleared.
21-02-21 00:54:14 [INFO] Logger started.
21-02-21 00:54:14 [INFO] Logging system initialized.
21-02-21 00:54:14 [INFO] Detected Minecraft version: 1.16.5
21-02-21 00:54:19 [WARNING] The Minecraft version seems to be more recent than the one Compat-CB-Reflect has been built with - this might work, but there could be incompatibilities.
21-02-21 00:54:19 [INFO] McAccess set to: 1.4.5-1.12.2|? / CB-Reflect
21-02-21 00:54:19 [INFO] Added block-info for Minecraft 1.5 blocks.
21-02-21 00:54:19 [INFO] Added block-info for Minecraft 1.6.1 blocks.
21-02-21 00:54:19 [INFO] Added block-info for Minecraft 1.7.2 blocks.
21-02-21 00:54:19 [INFO] Added block-info for Minecraft 1.8 blocks.
21-02-21 00:54:19 [INFO] Added block-info for Minecraft 1.9 blocks.
21-02-21 00:54:19 [INFO] Added block-info for Minecraft 1.10 blocks.
21-02-21 00:54:19 [INFO] Added block-info for Minecraft 1.11 blocks.
21-02-21 00:54:19 [INFO] Added block-info for Minecraft 1.12 blocks.
21-02-21 00:54:19 [INFO] Inventory checks: FastConsume is available, disabled InstantEat.
21-02-21 00:54:19 [WARNING] Packet level access via ProtocolLib not available, supported configurations:  | ProtocolLib 4.3.0 or later for Minecraft 1.12.x | ProtocolLib 4.2.0 or later for Minecraft 1.11.x | ProtocolLib 4.1 or later for Minecraft 1.8.x to 1.10.x | ProtocolLib 3.7.0 for Minecraft 1.7.x and earlier | ProtocolLib 3.6.6 for PaperSpigot 1.8.x
21-02-21 00:54:19 [INFO] Force disable FastHeal on Minecraft 1.9 and later.
21-02-21 00:54:19 [INFO] Version 3.16.0-RC-sMD5NET-b1134 is enabled.
21-02-21 00:54:20 [INFO] [GenericInstanceRegistry] Registered for itself: fr.neatmonster.nocheatplus.stats.Counters
21-02-21 00:54:20 [INFO] [GenericInstanceRegistry] Registered for itself: fr.neatmonster.nocheatplus.checks.workaround.WRPT
21-02-21 00:54:20 [INFO] [GenericInstanceRegistry] Registered for itself: fr.neatmonster.nocheatplus.checks.moving.location.tracking.LocationTrace$TraceEntryPool
21-02-21 00:54:20 [INFO] Post-enable running...
21-02-21 00:54:20 [INFO] [GenericInstanceRegistry] Registered for itself: fr.neatmonster.nocheatplus.utilities.entity.PassengerUtil
21-02-21 00:54:20 [INFO] [GenericInstanceRegistry] Registered for itself: java.util.Random
21-02-21 00:54:20 [INFO] [GenericInstanceRegistry] Registered for fr.neatmonster.nocheatplus.compat.IBridgeCrossPlugin: fr.neatmonster.nocheatplus.compat.meta.BridgeCrossPlugin
21-02-21 00:54:20 [INFO] [GenericInstanceRegistry] Registered for fr.neatmonster.nocheatplus.compat.MCAccess: fr.neatmonster.nocheatplus.compat.cbreflect.MCAccessCBReflect
21-02-21 00:54:20 [INFO] [GenericInstanceRegistry] Registered for fr.neatmonster.nocheatplus.utilities.map.BlockCache: fr.neatmonster.nocheatplus.compat.cbreflect.BlockCacheCBReflect
21-02-21 00:54:20 [INFO] [GenericInstanceRegistry] Registered for fr.neatmonster.nocheatplus.components.modifier.IAttributeAccess: fr.neatmonster.nocheatplus.compat.bukkit.BukkitAttributeAccess
21-02-21 00:54:20 [INFO] [GenericInstanceRegistry] Registered for fr.neatmonster.nocheatplus.components.entity.IEntityAccessLastPositionAndLook: fr.neatmonster.nocheatplus.compat.cbreflect.reflect.ReflectEntityLastPositionAndLook
21-02-21 00:54:20 [INFO] [GenericInstanceRegistry] Registered for fr.neatmonster.nocheatplus.components.entity.IEntityAccessVehicle: fr.neatmonster.nocheatplus.compat.bukkit.EntityAccessVehicleMultiPassenger
21-02-21 00:54:20 [INFO] [GenericInstanceRegistry] Registered for itself: fr.neatmonster.nocheatplus.checks.moving.util.AuxMoving
21-02-21 00:54:20 [INFO] Added hook: AllViolations(NCP) [1.0].
21-02-21 00:54:21 [INFO] Post-enable finished.
21-02-21 00:54:21 [INFO] ---- Version information ----
#### Server ####
git-Paper-468 ~MC: 1.16.5~
  detected: 1.16.5
#### NoCheatPlus ####
Plugin: 3.16.0-RC-sMD5NET-b1134
MCAccess: 1.4.5-1.12.2|? / CB-Reflect
Features:
  blocks: BlocksMC1_4 | BlocksMC1_5 | BlocksMC1_6_1 | BlocksMC1_7_2 | BlocksMC1_8 | BlocksMC1_9 | BlocksMC1_10 | BlocksMC1_11 | BlocksMC1_12
  checks: FastConsume | Gutenberg | HotFixFallingBlockPortalEnter
  defaults: pvpKnockBackVelocity
Hooks: AllViolations~NCP~ 1.0
#### Related Plugins ####
ProtocolLib v4.6.0
21-02-21 00:54:56 [INFO] SirSoija failed CreativeFly: tried to move: 0.84, 6.00, 3.52 -> 1.80, 8.00, 3.32, d=2.23 (hdist+vdist). VL 178.
21-02-21 00:55:00 [INFO] SirSoija failed CreativeFly: tried to move: -0.84, 6.00, 3.42 -> -2.65, 6.00, 4.26, d=2.00 (hdist). VL 481.
21-02-21 01:01:09 [INFO] SirSoija failed SurvivalFly: tried to move: 2.81, 1.00, 3.61 -> 2.14, 1.00, 4.32, d=0.98 (permchecks+hspeed). VL 108.
21-02-21 01:01:12 [INFO] SirSoija failed SurvivalFly: tried to move: 2.81, 1.00, 3.61 -> 2.81, 3.00, 3.61, d=2.00 (vdistrel+vdistsb). VL 538.
21-02-21 01:01:12 [INFO] SirSoija failed SurvivalFly: tried to move: 2.81, 1.00, 3.61 -> 3.08, 3.00, 1.63, d=2.83 (permchecks+hspeed+vdistrel+vdistsb). VL 1574.
21-02-21 01:01:12 [INFO] (CONSOLE) Kicked SirSoija : Kicked for flying (or related)
21-02-21 01:01:15 [INFO] SirSoija failed Relog: relogs too fast. VL 1.
